2017.04.06 17:21:33 LCTOOLS version 0.3.3
2017.04.06 17:21:33 reading configuration from None
2017.04.06 17:21:51 LCTOOLS version 0.3.3
2017.04.06 17:21:51 reading configuration from None
2017.04.06 17:22:38 LCTOOLS version 0.3.3
2017.04.06 17:22:38 reading configuration from None
2017.04.06 17:22:40 LCTOOLS version 0.3.3
2017.04.06 17:22:40 reading configuration from None
2017.04.06 17:23:35 LCTOOLS version 0.3.3
2017.04.06 17:23:35 reading configuration from example.cfg
2017.04.06 17:23:35 Use default LC format, type is {'y': 4, 'bg': 12, 'cadence': 2, 'bgerr': 12, 'jd': 2, 'x': 3, 'ltflc': 12, 'rlc': 8}
2017.04.06 17:23:35 File data/KepTABExample/Kepler-6b_ltf.blsanal exists, do not allow to replace, set -r to force overwrite
2017.04.06 17:24:17 LCTOOLS version 0.3.3
2017.04.06 17:24:17 reading configuration from example.cfg
2017.04.06 17:24:17 Use default LC format, type is {'y': 4, 'bg': 12, 'cadence': 2, 'bgerr': 12, 'jd': 2, 'x': 3, 'ltflc': 12, 'rlc': 8}
2017.04.06 17:24:17 excuting command line vartools -i data/KepTABExample/Kepler-6b_ltf.lc -header -readformat 1 1 3 3 -BLS q 0.008000 0.080000 0.500000 16.000000 100000 200 0 3 1 data/KepTABExample 1 data/KepTABExample 0 fittrap nobinnedrms ophcurve data/KepTABExample -0.1 1.1 0.001
2017.04.11 13:34:31 LCTOOLS version 0.3.3
2017.04.11 13:34:31 reading configuration from None
2017.04.11 13:34:57 LCTOOLS version 0.3.3
2017.04.11 13:34:57 reading configuration from None
2017.04.11 13:35:00 LCTOOLS version 0.3.3
2017.04.11 13:35:00 reading configuration from None
2017.04.11 13:35:15 LCTOOLS version 0.3.3
2017.04.11 13:35:15 reading configuration from None
2017.04.11 13:36:31 LCTOOLS version 0.3.3
2017.04.11 13:36:31 reading configuration from example.cfg
2017.04.11 13:36:31 Use default LC format, type is {'y': 4, 'bg': 12, 'cadence': 2, 'bgerr': 12, 'jd': 2, 'x': 3, 'ltflc': 12, 'rlc': 8}
2017.04.11 13:36:31 File data/KepTABExample/Kepler-6b_ltf.blsanal exists, do not allow to replace, set -r to force overwrite
2017.04.11 13:36:34 LCTOOLS version 0.3.3
2017.04.11 13:36:34 reading configuration from example.cfg
2017.04.11 13:36:34 Use default LC format, type is {'y': 4, 'bg': 12, 'cadence': 2, 'bgerr': 12, 'jd': 2, 'x': 3, 'ltflc': 12, 'rlc': 8}
2017.04.11 13:36:34 excuting command line vartools -i data/KepTABExample/Kepler-6b_ltf.lc -header -readformat 1 1 3 3 -BLS q 0.008000 0.080000 0.500000 16.000000 100000 200 0 3 1 data/KepTABExample 1 data/KepTABExample 0 fittrap nobinnedrms ophcurve data/KepTABExample -0.1 1.1 0.001
2017.04.11 14:46:48 LCTOOLS version 0.3.3
2017.04.11 14:46:48 reading configuration from example.cfg
2017.04.11 14:46:48 Use default LC format, type is {'y': 4, 'bg': 12, 'cadence': 2, 'bgerr': 12, 'jd': 2, 'x': 3, 'ltflc': 12, 'rlc': 8}
2017.04.11 14:46:48 Input file data/KepTABExample/KIC012557548.dat do not exists, do nothing
2017.04.11 14:47:55 LCTOOLS version 0.3.3
2017.04.11 14:47:55 reading configuration from example.cfg
2017.04.11 14:47:55 Use default LC format, type is {'y': 4, 'bg': 12, 'cadence': 2, 'bgerr': 12, 'jd': 2, 'x': 3, 'ltflc': 12, 'rlc': 8}
2017.04.11 14:47:55 Input file data/KepTABExample/KIC012557548.dat do not exists, do nothing
2017.04.11 14:48:10 LCTOOLS version 0.3.3
2017.04.11 14:48:10 reading configuration from example.cfg
2017.04.11 14:48:10 Use default LC format, type is {'y': 4, 'bg': 12, 'cadence': 2, 'bgerr': 12, 'jd': 2, 'x': 3, 'ltflc': 12, 'rlc': 8}
2017.04.11 14:48:10 Input file data/KepTABExample/KIC012557548.dat do not exists, do nothing
2017.04.11 14:48:31 LCTOOLS version 0.3.3
2017.04.11 14:48:31 reading configuration from example.cfg
2017.04.11 14:48:31 Use default LC format, type is {'y': 4, 'bg': 12, 'cadence': 2, 'bgerr': 12, 'jd': 2, 'x': 3, 'ltflc': 12, 'rlc': 8}
2017.04.11 14:48:31 excuting command line vartools -i data/raw/KIC012557548.dat -header -readformat 1 1 2 3 -BLS q 0.008000 0.080000 0.500000 16.000000 100000 200 0 3 1 data/raw 1 data/raw 0 fittrap nobinnedrms ophcurve data/raw -0.1 1.1 0.001
2017.04.11 14:48:41 LCTOOLS version 0.3.3
2017.04.11 14:48:41 reading configuration from example.cfg
2017.04.11 14:48:41 Use default LC format, type is {'y': 4, 'bg': 12, 'cadence': 2, 'bgerr': 12, 'jd': 2, 'x': 3, 'ltflc': 12, 'rlc': 8}
2017.04.11 14:48:41 excuting command line vartools -i data/raw/KIC012557548.dat -header -readformat 1 1 2 3 -BLS q 0.008000 0.080000 0.500000 16.000000 100000 200 0 3 1 data/raw 1 data/raw 0 fittrap nobinnedrms ophcurve data/raw -0.1 1.1 0.001
2017.04.11 15:16:41 LCTOOLS version 0.3.3
2017.04.11 15:16:41 reading configuration from example.cfg
2017.04.11 15:16:41 Use default LC format, type is {'y': 4, 'bg': 12, 'cadence': 2, 'bgerr': 12, 'jd': 2, 'x': 3, 'ltflc': 12, 'rlc': 8}
2017.04.11 15:16:41 excuting command line vartools -i data/raw/7177553.dat -header -readformat 1 1 2 3 -BLS q 0.008000 0.080000 0.500000 16.000000 100000 200 0 3 1 data/raw 1 data/raw 0 fittrap nobinnedrms ophcurve data/raw -0.1 1.1 0.001
2017.04.11 15:16:57 LCTOOLS version 0.3.3
2017.04.11 15:16:57 reading configuration from example.cfg
2017.04.11 15:16:57 Use default LC format, type is {'y': 4, 'bg': 12, 'cadence': 2, 'bgerr': 12, 'jd': 2, 'x': 3, 'ltflc': 12, 'rlc': 8}
2017.04.11 15:16:57 excuting command line vartools -i data/raw/7177553.dat -header -readformat 1 1 2 3 -BLS q 0.008000 0.080000 0.500000 16.000000 100000 200 0 3 1 data/raw 1 data/raw 0 fittrap nobinnedrms ophcurve data/raw -0.1 1.1 0.001
2017.04.11 15:18:43 LCTOOLS version 0.3.3
2017.04.11 15:18:43 reading configuration from example.cfg
2017.04.11 15:18:43 Use default LC format, type is {'y': 4, 'bg': 12, 'cadence': 2, 'bgerr': 12, 'jd': 2, 'x': 3, 'ltflc': 12, 'rlc': 8}
2017.04.11 15:18:43 excuting command line vartools -i data/raw/7177553.dat -header -readformat 1 2 3 3 -BLS q 0.008000 0.080000 0.500000 16.000000 100000 200 0 3 1 data/raw 1 data/raw 0 fittrap nobinnedrms ophcurve data/raw -0.1 1.1 0.001
2017.04.11 15:58:25 LCTOOLS version 0.3.3
2017.04.11 15:58:25 reading configuration from example.cfg
2017.04.11 15:58:25 Use default LC format, type is {'y': 4, 'bg': 12, 'cadence': 2, 'bgerr': 12, 'jd': 2, 'x': 3, 'ltflc': 12, 'rlc': 8}
2017.04.11 15:58:55 LCTOOLS version 0.3.3
2017.04.11 15:58:55 reading configuration from example.cfg
2017.04.11 15:58:55 Use default LC format, type is {'y': 4, 'bg': 12, 'cadence': 2, 'bgerr': 12, 'jd': 2, 'x': 3, 'ltflc': 12, 'rlc': 8}
2017.04.11 15:58:55 excuting command line vartools -i data/raw/7177553.dat -header -readformat 1 2 3 3 -BLS q 0.008000 0.080000 0.500000 30.003000 100000 200 0 3 1 data/raw 1 data/raw 0 fittrap nobinnedrms ophcurve data/raw -0.1 1.1 0.001
2017.04.11 17:21:35 LCTOOLS version 0.3.3
2017.04.11 17:21:35 reading configuration from example.cfg
2017.04.11 17:21:35 Use default LC format, type is {'y': 4, 'bg': 12, 'cadence': 2, 'bgerr': 12, 'jd': 2, 'x': 3, 'ltflc': 12, 'rlc': 8}
2017.04.11 17:21:35 excuting command line vartools -i data/raw/7177553.dat -header -readformat 1 2 3 3 -BLS q 0.008000 0.080000 0.500000 30.003000 100000 200 0 3 1 data/raw 1 data/raw 0 fittrap nobinnedrms ophcurve data/raw -0.1 1.1 0.001
2017.04.12 01:42:16 LCTOOLS version 0.3.3
2017.04.12 01:42:16 reading configuration from example.cfg
2017.04.12 01:42:16 Use default LC format, type is {'y': 4, 'bg': 12, 'cadence': 2, 'bgerr': 12, 'jd': 2, 'x': 3, 'ltflc': 12, 'rlc': 8}
2017.04.12 01:42:16 excuting command line vartools -i data/raw/2437060.dat -header -readformat 1 2 3 3 -BLS q 0.008000 0.080000 0.500000 30.003000 100000 200 0 3 1 data/raw 1 data/raw 0 fittrap nobinnedrms ophcurve data/raw -0.1 1.1 0.001
2017.04.12 01:45:15 LCTOOLS version 0.3.3
2017.04.12 01:45:15 reading configuration from example.cfg
2017.04.12 01:45:15 Use default LC format, type is {'y': 4, 'bg': 12, 'cadence': 2, 'bgerr': 12, 'jd': 2, 'x': 3, 'ltflc': 12, 'rlc': 8}
2017.04.12 01:45:15 excuting command line vartools -i data/raw/12351927.dat -header -readformat 1 2 3 3 -BLS q 0.008000 0.080000 0.500000 30.003000 100000 200 0 3 1 data/raw 1 data/raw 0 fittrap nobinnedrms ophcurve data/raw -0.1 1.1 0.001
2017.04.12 01:46:11 LCTOOLS version 0.3.3
2017.04.12 01:46:11 reading configuration from example.cfg
2017.04.12 01:46:11 Use default LC format, type is {'y': 4, 'bg': 12, 'cadence': 2, 'bgerr': 12, 'jd': 2, 'x': 3, 'ltflc': 12, 'rlc': 8}
2017.04.12 01:46:11 excuting command line vartools -i data/raw/12351927.dat -header -readformat 1 2 3 3 -BLS q 0.008000 0.080000 0.500000 50.000000 100000 200 0 3 1 data/raw 1 data/raw 0 fittrap nobinnedrms ophcurve data/raw -0.1 1.1 0.001
2017.04.12 01:55:36 LCTOOLS version 0.3.3
2017.04.12 01:55:36 reading configuration from example.cfg
2017.04.12 01:55:36 Use default LC format, type is {'y': 4, 'bg': 12, 'cadence': 2, 'bgerr': 12, 'jd': 2, 'x': 3, 'ltflc': 12, 'rlc': 8}
2017.04.12 01:55:36 excuting command line vartools -i data/raw/12351927.dat -header -readformat 1 2 3 3 -BLS q 0.008000 0.080000 0.500000 50.000000 100000 200 0 3 1 data/raw 1 data/raw 0 fittrap nobinnedrms ophcurve data/raw -0.1 1.1 0.001
2017.04.12 13:13:28 LCTOOLS version 0.3.3
2017.04.12 13:13:28 reading configuration from example.cfg
2017.04.12 13:13:28 Use default LC format, type is {'y': 4, 'bg': 12, 'cadence': 2, 'bgerr': 12, 'jd': 2, 'x': 3, 'ltflc': 12, 'rlc': 8}
2017.04.12 13:13:28 excuting command line vartools -i data/raw/12351927.dat -header -readformat 1 2 3 3 -BLS q 0.004000 0.080000 0.500000 30.003000 100000 200 0 3 1 data/raw 1 data/raw 0 fittrap nobinnedrms ophcurve data/raw -0.1 1.1 0.001
2017.04.12 13:14:09 LCTOOLS version 0.3.3
2017.04.12 13:14:09 reading configuration from example.cfg
2017.04.12 13:14:09 Use default LC format, type is {'y': 4, 'bg': 12, 'cadence': 2, 'bgerr': 12, 'jd': 2, 'x': 3, 'ltflc': 12, 'rlc': 8}
2017.04.12 13:14:09 excuting command line vartools -i data/raw/12351927.dat -header -readformat 1 2 3 3 -BLS q 0.004000 0.080000 0.500000 30.003000 100000 200 0 3 1 data/raw 1 data/raw 0 fittrap nobinnedrms ophcurve data/raw -0.1 1.1 0.001
2017.04.12 13:20:45 LCTOOLS version 0.3.3
2017.04.12 13:20:45 reading configuration from example.cfg
2017.04.12 13:20:45 Use default LC format, type is {'y': 4, 'bg': 12, 'cadence': 2, 'bgerr': 12, 'jd': 2, 'x': 3, 'ltflc': 12, 'rlc': 8}
2017.04.12 13:20:45 excuting command line vartools -i data/raw/12351927.dat -header -readformat 1 2 3 3 -BLS q 0.004000 0.080000 0.500000 30.003000 100000 200 0 3 1 data/raw 1 data/raw 0 fittrap nobinnedrms ophcurve data/raw -0.1 1.1 0.001
2017.04.12 13:23:07 LCTOOLS version 0.3.3
2017.04.12 13:23:07 reading configuration from example.cfg
2017.04.12 13:23:07 Use default LC format, type is {'y': 4, 'bg': 12, 'cadence': 2, 'bgerr': 12, 'jd': 2, 'x': 3, 'ltflc': 12, 'rlc': 8}
2017.04.12 13:23:07 excuting command line vartools -i data/raw/12351927.dat -header -readformat 1 2 3 3 -BLS q 0.008000 0.080000 0.500000 30.003000 500000 200 0 3 1 data/raw 1 data/raw 0 fittrap nobinnedrms ophcurve data/raw -0.1 1.1 0.001
2017.04.12 13:25:35 LCTOOLS version 0.3.3
2017.04.12 13:25:35 reading configuration from example.cfg
2017.04.12 13:25:35 Use default LC format, type is {'y': 4, 'bg': 12, 'cadence': 2, 'bgerr': 12, 'jd': 2, 'x': 3, 'ltflc': 12, 'rlc': 8}
2017.04.12 13:25:35 excuting command line vartools -i data/raw/12351927.dat -header -readformat 1 2 3 3 -BLS q 0.008000 0.080000 0.500000 30.003000 100000 200 0 3 1 data/raw 1 data/raw 0 fittrap nobinnedrms ophcurve data/raw -0.1 1.1 0.001
2017.04.12 13:36:18 INFO setup_logging: LCTOOLS version 0.3.3
2017.04.12 13:36:18 INFO __init__: reading configuration from example.cfg
2017.04.12 13:36:18 WARNING __init__: Use default LC format, type is {'y': 4, 'bg': 12, 'cadence': 2, 'bgerr': 12, 'jd': 2, 'x': 3, 'ltflc': 12, 'rlc': 8}
2017.04.12 13:36:18 DEBUG <module>: default_bls_dict={'coljd': 1, 'inlist': '', 'colmag': 2, 'indir': ''}
2017.04.12 13:36:18 DEBUG <module>: infile=12351927.dat, indir=data/raw/
2017.04.12 13:36:18 DEBUG __init__: readfrom configure file, f0=0.033330, f1=2.000000, fn=100000, qmin=0.008000, qmax=0.080000, nbin=200, peaknum=3, outdir=data/raw/, analfile=.blsanal
2017.04.12 13:36:18 DEBUG __call__: outdir=data/raw/, blsanalf=data/raw/.blsanal, blsanalfile=data/raw/12351927.blsanal, blspath=data/raw
2017.04.12 13:36:18 INFO __call__: excuting command line vartools -i data/raw/12351927.dat -header -readformat 1 2 3 3 -BLS q 0.008000 0.080000 0.500000 30.003000 100000 200 0 3 1 data/raw 1 data/raw 0 fittrap nobinnedrms ophcurve data/raw -0.1 1.1 0.001
2017.04.12 13:37:31 INFO setup_logging: LCTOOLS version 0.3.3
2017.04.12 13:37:31 INFO __init__: reading configuration from example.cfg
2017.04.12 13:37:31 WARNING __init__: Use default LC format, type is {'y': 4, 'bg': 12, 'cadence': 2, 'bgerr': 12, 'jd': 2, 'x': 3, 'ltflc': 12, 'rlc': 8}
2017.04.12 13:37:31 DEBUG <module>: default_bls_dict={'coljd': 1, 'inlist': '', 'colmag': 2, 'indir': ''}
2017.04.12 13:37:31 DEBUG <module>: infile=12351927.dat, indir=data/raw/
2017.04.12 13:37:31 DEBUG __init__: readfrom configure file, f0=0.033330, f1=2.000000, fn=100000, qmin=0.008000, qmax=0.080000, nbin=200, peaknum=3, outdir=data/raw/, analfile=.blsanal
2017.04.12 13:37:31 DEBUG __call__: outdir=data/raw/, blsanalf=data/raw/.blsanal, blsanalfile=data/raw/12351927.blsanal, blspath=data/raw
2017.04.12 13:37:31 INFO __call__: excuting command line vartools -i data/raw/12351927.dat -header -readformat 1 2 3 3 -BLS q 0.008000 0.080000 0.500000 30.003000 100000 200 0 3 1 data/raw 1 data/raw 0 fittrap nobinnedrms ophcurve data/raw -0.1 1.1 0.001
2017.04.12 14:37:21 INFO setup_logging: LCTOOLS version 0.3.3
2017.04.12 14:37:21 INFO __init__: reading configuration from example.cfg
2017.04.12 14:37:21 WARNING __init__: Use default LC format, type is {'y': 4, 'bg': 12, 'cadence': 2, 'bgerr': 12, 'jd': 2, 'x': 3, 'ltflc': 12, 'rlc': 8}
2017.04.12 14:37:21 DEBUG <module>: default_bls_dict={'coljd': 1, 'inlist': '', 'colmag': 2, 'indir': ''}
2017.04.12 14:37:21 DEBUG <module>: infile=12351927_err.dat, indir=data/raw/
2017.04.12 14:37:21 DEBUG __init__: readfrom configure file, f0=0.033330, f1=2.000000, fn=100000, qmin=0.008000, qmax=0.080000, nbin=200, peaknum=3, outdir=data/raw/, analfile=.blsanal
2017.04.12 14:37:21 DEBUG __call__: outdir=data/raw/, blsanalf=data/raw/.blsanal, blsanalfile=data/raw/12351927_err.blsanal, blspath=data/raw
2017.04.12 14:37:21 INFO __call__: excuting command line vartools -i data/raw/12351927_err.dat -header -readformat 1 2 3 3 -BLS q 0.008000 0.080000 0.500000 30.003000 100000 200 0 3 1 data/raw 1 data/raw 0 fittrap nobinnedrms ophcurve data/raw -0.1 1.1 0.001
2017.04.12 14:37:28 LCTOOLS version 0.3.3
2017.04.12 14:37:28 reading configuration from example.cfg
2017.04.12 14:37:28 Use default LC format, type is {'y': 4, 'bg': 12, 'cadence': 2, 'bgerr': 12, 'jd': 2, 'x': 3, 'ltflc': 12, 'rlc': 8}
2017.04.12 14:37:28 excuting command line vartools -i data/raw/12351927_err.dat -header -readformat 1 2 3 3 -BLS q 0.008000 0.080000 0.500000 30.003000 100000 200 0 3 1 data/raw 1 data/raw 0 fittrap nobinnedrms ophcurve data/raw -0.1 1.1 0.001
2017.04.12 14:55:34 LCTOOLS version 0.3.3
2017.04.12 14:55:34 reading configuration from example.cfg
2017.04.12 14:55:34 Use default LC format, type is {'y': 4, 'bg': 12, 'cadence': 2, 'bgerr': 12, 'jd': 2, 'x': 3, 'ltflc': 12, 'rlc': 8}
2017.04.12 14:55:34 excuting command line vartools -i data/raw/12351927_new.dat -header -readformat 1 2 3 3 -BLS q 0.008000 0.080000 0.500000 30.003000 100000 200 0 3 1 data/raw 1 data/raw 0 fittrap nobinnedrms ophcurve data/raw -0.1 1.1 0.001
2017.04.12 14:55:53 LCTOOLS version 0.3.3
2017.04.12 14:55:53 reading configuration from example.cfg
2017.04.12 14:55:53 Use default LC format, type is {'y': 4, 'bg': 12, 'cadence': 2, 'bgerr': 12, 'jd': 2, 'x': 3, 'ltflc': 12, 'rlc': 8}
2017.04.12 14:55:53 excuting command line vartools -i data/raw/12351927_new.dat -header -readformat 1 1 2 3 -BLS q 0.008000 0.080000 0.500000 30.003000 100000 200 0 3 1 data/raw 1 data/raw 0 fittrap nobinnedrms ophcurve data/raw -0.1 1.1 0.001
2017.04.12 15:08:47 LCTOOLS version 0.3.3
2017.04.12 15:08:47 reading configuration from example.cfg
2017.04.12 15:08:47 Use default LC format, type is {'y': 4, 'bg': 12, 'cadence': 2, 'bgerr': 12, 'jd': 2, 'x': 3, 'ltflc': 12, 'rlc': 8}
2017.04.12 15:08:47 excuting command line vartools -i data/raw/12351927_err.dat -header -readformat 1 2 3 3 -BLS q 0.008000 0.080000 0.500000 30.003000 100000 200 0 3 1 data/raw 1 data/raw 0 fittrap nobinnedrms ophcurve data/raw -0.1 1.1 0.001
2017.04.12 15:12:46 LCTOOLS version 0.3.3
2017.04.12 15:12:46 reading configuration from example.cfg
2017.04.12 15:12:46 Use default LC format, type is {'y': 4, 'bg': 12, 'cadence': 2, 'bgerr': 12, 'jd': 2, 'x': 3, 'ltflc': 12, 'rlc': 8}
2017.04.12 15:12:46 excuting command line vartools -i data/raw/12351927_err.dat -header -readformat 1 1 2 3 -BLS q 0.008000 0.080000 0.500000 30.003000 100000 200 0 3 1 data/raw 1 data/raw 0 fittrap nobinnedrms ophcurve data/raw -0.1 1.1 0.001
2017.04.12 15:31:05 LCTOOLS version 0.3.3
2017.04.12 15:31:05 reading configuration from example.cfg
2017.04.12 15:31:05 Use default LC format, type is {'y': 4, 'bg': 12, 'cadence': 2, 'bgerr': 12, 'jd': 2, 'x': 3, 'ltflc': 12, 'rlc': 8}
2017.04.12 15:31:05 excuting command line vartools -i data/raw/12351927_err.dat -header -readformat 1 1 2 3 -BLS q 0.008000 0.080000 0.500000 30.003000 100000 200 0 3 1 data/raw 1 data/raw 0 fittrap nobinnedrms ophcurve data/raw -0.1 1.1 0.001
2017.04.13 11:02:39 LCTOOLS version 0.3.3
2017.04.13 11:02:39 reading configuration from example.cfg
2017.04.13 11:02:39 Use default LC format, type is {'y': 4, 'bg': 12, 'cadence': 2, 'bgerr': 12, 'jd': 2, 'x': 3, 'ltflc': 12, 'rlc': 8}
2017.04.13 11:02:39 excuting command line vartools -i data/raw/12351927_err.dat -header -readformat 1 1 2 3 -BLS q 0.008000 0.080000 0.500000 30.003000 100000 200 0 3 1 data/raw 1 data/raw 0 fittrap nobinnedrms ophcurve data/raw -0.1 1.1 0.001
